TN:
SF:/Users/chrislane/Projects/project3/components/Layout/Layout.tsx
FN:9,(anonymous_1)
FNF:1
FNH:1
FNDA:2,(anonymous_1)
DA:1,2
DA:2,2
DA:9,2
DA:10,2
DA:18,2
LF:5
LH:5
BRF:0
BRH:0
end_of_record
TN:
SF:/Users/chrislane/Projects/project3/pages/dashboard/index.tsx
FN:6,(anonymous_2)
FNF:1
FNH:1
FNDA:1,(anonymous_2)
DA:2,1
DA:3,1
DA:4,1
DA:6,1
DA:7,1
DA:16,1
LF:6
LH:6
BRF:0
BRH:0
end_of_record
TN:
SF:/Users/chrislane/Projects/project3/pages/index/index.tsx
FN:5,(anonymous_1)
FNF:1
FNH:1
FNDA:1,(anonymous_1)
DA:2,1
DA:3,1
DA:5,1
DA:6,1
DA:13,1
LF:5
LH:5
BRF:0
BRH:0
end_of_record
